<?xml version="1.0" encoding="UTF-8"?>
<testsuite xmlns:xsi="http://www.w3.org/2001/XMLSchema-instance" xsi:schemaLocation="https://maven.apache.org/surefire/maven-surefire-plugin/xsd/surefire-test-report.xsd" name="com.lendico.assignment.runner.Runner" time="11.652" tests="11" errors="0" skipped="0" failures="2">
  <properties>
    <property name="java.runtime.name" value="Java(TM) SE Runtime Environment"/>
    <property name="sun.boot.library.path" value="C:\Program Files\Java\jdk1.8.0_181\jre\bin"/>
    <property name="java.vm.version" value="25.181-b13"/>
    <property name="java.vm.vendor" value="Oracle Corporation"/>
    <property name="maven.multiModuleProjectDirectory" value="F:\LearningStuff\PracticalWork\Frameworks\NisumPractice"/>
    <property name="java.vendor.url" value="http://java.oracle.com/"/>
    <property name="path.separator" value=";"/>
    <property name="guice.disable.misplaced.annotation.check" value="true"/>
    <property name="java.vm.name" value="Java HotSpot(TM) 64-Bit Server VM"/>
    <property name="file.encoding.pkg" value="sun.io"/>
    <property name="user.script" value=""/>
    <property name="user.country" value="US"/>
    <property name="sun.java.launcher" value="SUN_STANDARD"/>
    <property name="sun.os.patch.level" value=""/>
    <property name="java.vm.specification.name" value="Java Virtual Machine Specification"/>
    <property name="user.dir" value="F:\LearningStuff\PracticalWork\Frameworks\NisumPractice"/>
    <property name="java.runtime.version" value="1.8.0_181-b13"/>
    <property name="java.awt.graphicsenv" value="sun.awt.Win32GraphicsEnvironment"/>
    <property name="java.endorsed.dirs" value="C:\Program Files\Java\jdk1.8.0_181\jre\lib\endorsed"/>
    <property name="os.arch" value="amd64"/>
    <property name="java.io.tmpdir" value="C:\Users\Ainam\AppData\Local\Temp\"/>
    <property name="line.separator" value="&#10;"/>
    <property name="java.vm.specification.vendor" value="Oracle Corporation"/>
    <property name="user.variant" value=""/>
    <property name="os.name" value="Windows 10"/>
    <property name="classworlds.conf" value="C:\Program Files\Apache\Maven\apache-maven-3.5.4\bin\..\bin\m2.conf"/>
    <property name="sun.jnu.encoding" value="Cp1252"/>
    <property name="java.library.path" value="C:\Program Files\Java\jdk1.8.0_181\bin;C:\WINDOWS\Sun\Java\bin;C:\WINDOWS\system32;C:\WINDOWS;C:\oraclexe\app\oracle\product\11.2.0\server\bin;;C:\Program Files (x86)\Common Files\Oracle\Java\javapath;C:\Program Files (x86)\Intel\iCLS Client\;C:\Program Files\Intel\iCLS Client\;C:\WINDOWS\system32;C:\WINDOWS;C:\WINDOWS\System32\Wbem;C:\WINDOWS\System32\WindowsPowerShell\v1.0\;C:\Program Files (x86)\Intel\Intel(R) Management Engine Components\DAL;C:\Program Files\Intel\Intel(R) Management Engine Components\DAL;C:\Program Files (x86)\Intel\Intel(R) Management Engine Components\IPT;C:\Program Files\Intel\Intel(R) Management Engine Components\IPT;C:\Program Files\Intel\WiFi\bin\;C:\Program Files\Common Files\Intel\WirelessCommon\;C:\Program Files\Git\cmd;C:\Program Files\Apache\Maven\apache-maven-3.5.4\bin;%TIBEMS_ROOT%\lib;;C:\WINDOWS\System32\OpenSSH\;C:\Program Files\PuTTY\;C:\Users\Ainam\AppData\Local\Microsoft\WindowsApps;;."/>
    <property name="maven.conf" value="C:\Program Files\Apache\Maven\apache-maven-3.5.4\bin\../conf"/>
    <property name="java.specification.name" value="Java Platform API Specification"/>
    <property name="java.class.version" value="52.0"/>
    <property name="sun.management.compiler" value="HotSpot 64-Bit Tiered Compilers"/>
    <property name="os.version" value="10.0"/>
    <property name="library.jansi.path" value="C:\Program Files\Apache\Maven\apache-maven-3.5.4\bin\..\lib\jansi-native"/>
    <property name="user.home" value="C:\Users\Ainam"/>
    <property name="user.timezone" value="Asia/Karachi"/>
    <property name="java.awt.printerjob" value="sun.awt.windows.WPrinterJob"/>
    <property name="java.specification.version" value="1.8"/>
    <property name="file.encoding" value="Cp1252"/>
    <property name="user.name" value="Ainam"/>
    <property name="java.class.path" value="C:\Program Files\Apache\Maven\apache-maven-3.5.4\bin\..\boot\plexus-classworlds-2.5.2.jar"/>
    <property name="java.vm.specification.version" value="1.8"/>
    <property name="sun.arch.data.model" value="64"/>
    <property name="java.home" value="C:\Program Files\Java\jdk1.8.0_181\jre"/>
    <property name="sun.java.command" value="org.codehaus.plexus.classworlds.launcher.Launcher clean install"/>
    <property name="java.specification.vendor" value="Oracle Corporation"/>
    <property name="user.language" value="en"/>
    <property name="awt.toolkit" value="sun.awt.windows.WToolkit"/>
    <property name="java.vm.info" value="mixed mode"/>
    <property name="java.version" value="1.8.0_181"/>
    <property name="java.ext.dirs" value="C:\Program Files\Java\jdk1.8.0_181\jre\lib\ext;C:\WINDOWS\Sun\Java\lib\ext"/>
    <property name="sun.boot.class.path" value="C:\Program Files\Java\jdk1.8.0_181\jre\lib\resources.jar;C:\Program Files\Java\jdk1.8.0_181\jre\lib\rt.jar;C:\Program Files\Java\jdk1.8.0_181\jre\lib\sunrsasign.jar;C:\Program Files\Java\jdk1.8.0_181\jre\lib\jsse.jar;C:\Program Files\Java\jdk1.8.0_181\jre\lib\jce.jar;C:\Program Files\Java\jdk1.8.0_181\jre\lib\charsets.jar;C:\Program Files\Java\jdk1.8.0_181\jre\lib\jfr.jar;C:\Program Files\Java\jdk1.8.0_181\jre\classes"/>
    <property name="sun.stderr.encoding" value="cp437"/>
    <property name="java.vendor" value="Oracle Corporation"/>
    <property name="maven.home" value="C:\Program Files\Apache\Maven\apache-maven-3.5.4\bin\.."/>
    <property name="file.separator" value="\"/>
    <property name="java.vendor.url.bug" value="http://bugreport.sun.com/bugreport/"/>
    <property name="sun.cpu.endian" value="little"/>
    <property name="sun.io.unicode.encoding" value="UnicodeLittle"/>
    <property name="sun.stdout.encoding" value="cp437"/>
    <property name="sun.desktop" value="windows"/>
    <property name="sun.cpu.isalist" value="amd64"/>
  </properties>
  <testcase name="Calculate Annuity from /calc-annuity rest service" classname="Calculate Annuity BDD Scenarios and Test Cases" time="1.447"/>
  <testcase name="Calculate Annuity from /calc-annuity rest service" classname="Calculate Annuity BDD Scenarios and Test Cases" time="7.941"/>
  <testcase name="When duration is set as zero, validate it does not calculate annuity and an error is prompt" classname="Calculate Annuity BDD Scenarios and Test Cases" time="0.116">
    <failure message="expected:&lt;[Invalid Duration Entered/Duration can not be zero]&gt; but was:&lt;[92233720368547758.07]&gt;" type="org.junit.ComparisonFailure"><![CDATA[org.junit.ComparisonFailure: expected:<[Invalid Duration Entered/Duration can not be zero]> but was:<[92233720368547758.07]>
]]></failure>
    <system-out><![CDATA[
  Scenario Outline: When duration is set as zero, validate it does not calculate annuity and an error is prompt # src/test/resources/FeatureFile/calculateAnnuity.feature:14
    Given details of "<loanAmount>" , "<nominalRate>" and '<duration>' to create calculate annuity request payload
    When user invoke rest service to calculate annuity
    Then validate correct annuity "<expectedErrorMessage>" is calculated successfully

    Examples: 

  Scenario Outline: When duration is set as zero, validate it does not calculate annuity and an error is prompt  # src/test/resources/FeatureFile/calculateAnnuity.feature:22
    Given details of "5000" , "5.0" and '0' to create calculate annuity request payload                          # CalculateAnnuityTestCase.createJsonRequestPayloadOfCalcAnnuity(String,String,int)
    When user invoke rest service to calculate annuity                                                           # CalculateAnnuityTestCase.invokeRestServiceToCalcAnnuity()
    Then validate correct annuity "Invalid Duration Entered/Duration can not be zero" is calculated successfully # CalculateAnnuityTestCase.validateExpectedAnnuity(String)
      org.junit.ComparisonFailure: expected:<[Invalid Duration Entered/Duration can not be zero]> but was:<[92233720368547758.07]>
	at org.junit.Assert.assertEquals(Assert.java:115)
	at org.junit.Assert.assertEquals(Assert.java:144)
	at com.lendico.assignment.stepdefinition.CalculateAnnuityTestCase.validateExpectedAnnuity(CalculateAnnuityTestCase.java:45)
	at ?.validate correct annuity "Invalid Duration Entered/Duration can not be zero" is calculated successfully(src/test/resources/FeatureFile/calculateAnnuity.feature:18)

]]></system-out>
    <system-err><![CDATA[[main] INFO net.thucydides.core.steps.ConsoleLoggingListener - 
 _____ _____ ____ _____   ____ _____  _    ____ _____ _____ ____  
|_   _| ____/ ___|_   _| / ___|_   _|/ \  |  _ \_   _| ____|  _ \ 
  | | |  _| \___ \ | |   \___ \ | | / _ \ | |_) || | |  _| | | | |
  | | | |___ ___) || |    ___) || |/ ___ \|  _ < | | | |___| |_| |
  |_| |_____|____/ |_|   |____/ |_/_/   \_\_| \_\|_| |_____|____/ 
                                                                  

TEST STARTED: When duration is set as zero, validate it does not calculate annuity and an error is prompt
-------------------------------------------------------------------(calculate-annuity-bdd-scenarios-and-test-cases;when-duration-is-set-as-zero--validate-it-does-not-calculate-annuity-and-an-error-is-prompt)
[main] INFO com.lendico.assignment.stepdefinition.CalculateAnnuityTestCase - Request Payload is : {"duration":0,"nominalRate":"5.0","loanAmount":"5000"}
[main] INFO com.lendico.assignment.stepdefinition.CalculateAnnuityTestCase - Response Payload is : {annuity=92233720368547758.07}
[main] ERROR net.thucydides.core.steps.ConsoleLoggingListener - 
           __  _____ _____ ____ _____   _____ _    ___ _     _____ ____  
  _       / / |_   _| ____/ ___|_   _| |  ___/ \  |_ _| |   | ____|  _ \ 
 (_)_____| |    | | |  _| \___ \ | |   | |_ / _ \  | || |   |  _| | | | |
  _|_____| |    | | | |___ ___) || |   |  _/ ___ \ | || |___| |___| |_| |
 (_)     | |    |_| |_____|____/ |_|   |_|/_/   \_\___|_____|_____|____/ 
          \_\                                                            

TEST FAILED: When duration is set as zero, validate it does not calculate annuity and an error is prompt
--------------------------------------------------------------------------
[main] ERROR net.thucydides.core.steps.ConsoleLoggingListener - TEST FAILED AT STEP Then validate correct annuity "Invalid Duration Entered/Duration can not be zero" is calculated successfully
[main] ERROR net.thucydides.core.steps.ConsoleLoggingListener - expected:<[Invalid Duration Entered/Duration can not be zero]> but was:<[92233720368547758.07]>
]]></system-err>
  </testcase>
  <testcase name="The sum of all principal amounts in the schedule entries equals the total loan amount" classname="Generate Plan BDD Scenarios and Test Cases" time="0.072"/>
  <testcase name="The sum of all principal amounts in the schedule entries equals the total loan amount" classname="Generate Plan BDD Scenarios and Test Cases" time="0.051"/>
  <testcase name="The remaining outstanding principal of the last schedule entry equals always 0.00 €" classname="Generate Plan BDD Scenarios and Test Cases" time="0.122"/>
  <testcase name="The remaining outstanding principal of the last schedule entry equals always 0.00 €" classname="Generate Plan BDD Scenarios and Test Cases" time="0.079">
    <failure message="expected:&lt;0.0&gt; but was:&lt;0.01&gt;" type="java.lang.AssertionError"><![CDATA[java.lang.AssertionError: expected:<0.0> but was:<0.01>
]]></failure>
    <system-out><![CDATA[
  Scenario Outline: The remaining outstanding principal of the last schedule entry equals always 0.00 € # src/test/resources/FeatureFile/generatePlan.feature:24
    Given details of "5000.0","5.0",'3' and "2018-01-01" to create generate Plan request payload        # GeneratePlanTestCases.createJsonRequestPayloadOfGeneratePlan(String,String,int,String)
    When user invoke rest service to generate Plan                                                      # GeneratePlanTestCases.invokeRestServiceToCalcAnnuity()
    Then validate "0.00" of the last schedule entry equals always 0.00                                  # GeneratePlanTestCases.validateRemainingOutstandingPrincipal(String)
      java.lang.AssertionError: expected:<0.0> but was:<0.01>
	at org.junit.Assert.fail(Assert.java:88)
	at org.junit.Assert.failNotEquals(Assert.java:834)
	at org.junit.Assert.assertEquals(Assert.java:118)
	at org.junit.Assert.assertEquals(Assert.java:144)
	at com.lendico.assignment.stepdefinition.GeneratePlanTestCases.validateRemainingOutstandingPrincipal(GeneratePlanTestCases.java:63)
	at ?.validate "0.00" of the last schedule entry equals always 0.00(src/test/resources/FeatureFile/generatePlan.feature:19)

]]></system-out>
    <system-err><![CDATA[[main] INFO com.lendico.assignment.stepdefinition.CalculateAnnuityTestCase - Request Payload is : {"duration":3,"nominalRate":"5.0","loanAmount":"5000.0","startDate":"2018-01-01"}
[main] INFO com.lendico.assignment.stepdefinition.CalculateAnnuityTestCase - Remaining Outstanding Principal: 0.01
[main] ERROR net.thucydides.core.steps.ConsoleLoggingListener - 
           __  _____ _____ ____ _____   _____ _    ___ _     _____ ____  
  _       / / |_   _| ____/ ___|_   _| |  ___/ \  |_ _| |   | ____|  _ \ 
 (_)_____| |    | | |  _| \___ \ | |   | |_ / _ \  | || |   |  _| | | | |
  _|_____| |    | | | |___ ___) || |   |  _/ ___ \ | || |___| |___| |_| |
 (_)     | |    |_| |_____|____/ |_|   |_|/_/   \_\___|_____|_____|____/ 
          \_\                                                            

TEST FAILED: The remaining outstanding principal of the last schedule entry equals always 0.00 €
--------------------------------------------------------------------------
[main] ERROR net.thucydides.core.steps.ConsoleLoggingListener - TEST FAILED AT STEP Then validate "0.00" of the last schedule entry equals always 0.00
[main] ERROR net.thucydides.core.steps.ConsoleLoggingListener - expected:<0.0> but was:<0.01>
]]></system-err>
  </testcase>
  <testcase name="The start date determines the first due date of the calculated schedule. We assume" classname="Generate Plan BDD Scenarios and Test Cases" time="0.198"/>
  <testcase name="The start date determines the first due date of the calculated schedule. We assume" classname="Generate Plan BDD Scenarios and Test Cases" time="0.06"/>
  <testcase name="The remaining outstanding principal of one entry equals the initial outstanding" classname="Generate Plan BDD Scenarios and Test Cases" time="0.063"/>
  <testcase name="The total payment amount per month in a borrower schedule should equal the value" classname="Generate Plan BDD Scenarios and Test Cases" time="0.051"/>
</testsuite>