<?xml version="1.0" encoding="UTF-8"?>
<testsuite xmlns:xsi="http://www.w3.org/2001/XMLSchema-instance" xsi:schemaLocation="https://maven.apache.org/surefire/maven-surefire-plugin/xsd/surefire-test-report.xsd" name="com.practice.test.automation.cucumber.runner.Runner" time="14.003" tests="33" errors="0" skipped="33" failures="0">
  <properties>
[...]
</properties>
  <testcase name="Calculate Annuity from /calc-annuity rest service" classname="Calculate Annuity BDD Scenarios and Test Cases" time="0">
    <skipped/>
    <system-out><![CDATA[Feature: Calculate Annuity BDD Scenarios and Test Cases

  Scenario Outline: Calculate Annuity from /calc-annuity rest service # src/test/resources/FeatureFile/calculateAnnuity.feature:3
    Given details of "<loanAmount>" , "<nominalRate>" and '<duration>' to create calculate annuity request payload
    When user invoke rest service to calculate annuity
    Then validate correct annuity "<expectedAnnuity>" is calculated successfully

    Examples: 

  Scenario Outline: Calculate Annuity from /calc-annuity rest service                    # src/test/resources/FeatureFile/calculateAnnuity.feature:11
    Given details of "5000" , "5.0" and '24' to create calculate annuity request payload # null
    When user invoke rest service to calculate annuity                                   # null
    Then validate correct annuity "219.36" is calculated successfully                    # null
]]></system-out>
    <system-err><![CDATA[[main] INFO net.thucydides.core.steps.ConsoleLoggingListener - &amp#27;[36m

-------------------------------------------------------------------------------------
     _______. _______ .______       _______ .__   __.  __  .___________.____    ____ 
    /       ||   ____||   _  \     |   ____||  \ |  | |  | |           |\   \  /   / 
   |   (----`|  |__   |  |_)  |    |  |__   |   \|  | |  | `---|  |----` \   \/   /  
    \   \    |   __|  |      /     |   __|  |  . `  | |  |     |  |       \_    _/   
.----)   |   |  |____ |  |\  \----.|  |____ |  |\   | |  |     |  |         |  |     
|_______/    |_______|| _| `._____||_______||__| \__| |__|     |__|         |__|    
                                                                                     
 News and tutorials at http://www.serenity-bdd.info                                  
 Documentation at https://wakaleo.gitbooks.io/the-serenity-book/content/             
 Join the Serenity Community on Rocket Chat at https://serenity-bdd.rocket.chat      
 Serenity BDD Support and Training at http://serenity-bdd.info/#/trainingandsupport  
 Learn Serenity BDD online at http://serenity-dojo.com                               
-------------------------------------------------------------------------------------
&amp#27;[0m
[main] INFO net.thucydides.core.steps.ConsoleLoggingListener - Test Suite Started: Calculate Annuity BDD Scenarios and Test Cases
[main] INFO net.thucydides.core.steps.ConsoleLoggingListener - Test Suite Started: Generate Plan BDD Scenarios and Test Cases
[main] INFO net.thucydides.core.steps.ConsoleLoggingListener - 
 _____ _____ ____ _____   ____ _____  _    ____ _____ _____ ____  
|_   _| ____/ ___|_   _| / ___|_   _|/ \  |  _ \_   _| ____|  _ \ 
  | | |  _| \___ \ | |   \___ \ | | / _ \ | |_) || | |  _| | | | |
  | | | |___ ___) || |    ___) || |/ ___ \|  _ < | | | |___| |_| |
  |_| |_____|____/ |_|   |____/ |_/_/   \_\_| \_\|_| |_____|____/ 
                                                                  

TEST STARTED: Calculate Annuity from /calc-annuity rest service
-------------------------------------------------------------------(calculate-annuity-bdd-scenarios-and-test-cases;calculate-annuity-from-/calc-annuity-rest-service)
[main] INFO net.thucydides.core.steps.ConsoleLoggingListener - TEST PENDING
[main] INFO net.thucydides.core.steps.ConsoleLoggingListener - TEST PENDING
[main] INFO net.thucydides.core.steps.ConsoleLoggingListener - TEST PENDING
[main] INFO net.thucydides.core.steps.ConsoleLoggingListener - TEST PENDING
[main] INFO net.thucydides.core.steps.ConsoleLoggingListener - 
          __  _____ _____ ____ _____   ____  _____ _   _ ____ ___ _   _  ____ 
 _       / / |_   _| ____/ ___|_   _| |  _ \| ____| \ | |  _ \_ _| \ | |/ ___|
(_)____ / /    | | |  _| \___ \ | |   | |_) |  _| |  \| | | | | ||  \| | |  _ 
 |_____/ /     | | | |___ ___) || |   |  __/| |___| |\  | |_| | || |\  | |_| |
(_)   /_/      |_| |_____|____/ |_|   |_|   |_____|_| \_|____/___|_| \_|\____|
                                                                                

TEST PENDING: Calculate Annuity from /calc-annuity rest service
---------------------------------------------------------------------------------
]]></system-err>
  </testcase>
  <testcase name="Calculate Annuity from /calc-annuity rest service" classname="Calculate Annuity BDD Scenarios and Test Cases" time="0">
    <skipped/>
  </testcase>
  <testcase name="Calculate Annuity from /calc-annuity rest service" classname="Calculate Annuity BDD Scenarios and Test Cases" time="0">
    <skipped/>
  </testcase>
  <testcase name="Calculate Annuity from /calc-annuity rest service" classname="Calculate Annuity BDD Scenarios and Test Cases" time="0">
    <skipped/>
    <system-out><![CDATA[
  Scenario Outline: Calculate Annuity from /calc-annuity rest service                    # src/test/resources/FeatureFile/calculateAnnuity.feature:12
    Given details of "5000" , "5.0" and '12' to create calculate annuity request payload # null
    When user invoke rest service to calculate annuity                                   # null
    Then validate correct annuity "428.04" is calculated successfully                    # null
]]></system-out>
    <system-err><![CDATA[[main] INFO net.thucydides.core.steps.ConsoleLoggingListener - TEST PENDING
[main] INFO net.thucydides.core.steps.ConsoleLoggingListener - TEST PENDING
[main] INFO net.thucydides.core.steps.ConsoleLoggingListener - TEST PENDING
[main] INFO net.thucydides.core.steps.ConsoleLoggingListener - TEST PENDING
[main] INFO net.thucydides.core.steps.ConsoleLoggingListener - 
          __  _____ _____ ____ _____   ____  _____ _   _ ____ ___ _   _  ____ 
 _       / / |_   _| ____/ ___|_   _| |  _ \| ____| \ | |  _ \_ _| \ | |/ ___|
(_)____ / /    | | |  _| \___ \ | |   | |_) |  _| |  \| | | | | ||  \| | |  _ 
 |_____/ /     | | | |___ ___) || |   |  __/| |___| |\  | |_| | || |\  | |_| |
(_)   /_/      |_| |_____|____/ |_|   |_|   |_____|_| \_|____/___|_| \_|\____|
                                                                                

TEST PENDING: Calculate Annuity from /calc-annuity rest service
---------------------------------------------------------------------------------
]]></system-err>
  </testcase>
  <testcase name="Calculate Annuity from /calc-annuity rest service" classname="Calculate Annuity BDD Scenarios and Test Cases" time="0">
    <skipped/>
  </testcase>
  <testcase name="Calculate Annuity from /calc-annuity rest service" classname="Calculate Annuity BDD Scenarios and Test Cases" time="0">
    <skipped/>
  </testcase>
  <testcase name="When duration is set as zero, validate it does not calculate annuity and an error is prompt" classname="Calculate Annuity BDD Scenarios and Test Cases" time="0">
    <skipped/>
    <system-out><![CDATA[
  Scenario Outline: When duration is set as zero, validate it does not calculate annuity and an error is prompt # src/test/resources/FeatureFile/calculateAnnuity.feature:14
    Given details of "<loanAmount>" , "<nominalRate>" and '<duration>' to create calculate annuity request payload
    When user invoke rest service to calculate annuity
    Then validate correct annuity "<expectedErrorMessage>" is calculated successfully

    Examples: 

  Scenario Outline: When duration is set as zero, validate it does not calculate annuity and an error is prompt  # src/test/resources/FeatureFile/calculateAnnuity.feature:22
    Given details of "5000" , "5.0" and '0' to create calculate annuity request payload                          # null
    When user invoke rest service to calculate annuity                                                           # null
    Then validate correct annuity "Invalid Duration Entered/Duration can not be zero" is calculated successfully # null
]]></system-out>
    <system-err><![CDATA[[main] INFO net.thucydides.core.steps.ConsoleLoggingListener - 
 _____ _____ ____ _____   ____ _____  _    ____ _____ _____ ____  
|_   _| ____/ ___|_   _| / ___|_   _|/ \  |  _ \_   _| ____|  _ \ 
  | | |  _| \___ \ | |   \___ \ | | / _ \ | |_) || | |  _| | | | |
  | | | |___ ___) || |    ___) || |/ ___ \|  _ < | | | |___| |_| |
  |_| |_____|____/ |_|   |____/ |_/_/   \_\_| \_\|_| |_____|____/ 
                                                                  

TEST STARTED: When duration is set as zero, validate it does not calculate annuity and an error is prompt
-------------------------------------------------------------------(calculate-annuity-bdd-scenarios-and-test-cases;when-duration-is-set-as-zero--validate-it-does-not-calculate-annuity-and-an-error-is-prompt)
[main] INFO net.thucydides.core.steps.ConsoleLoggingListener - TEST PENDING
[main] INFO net.thucydides.core.steps.ConsoleLoggingListener - TEST PENDING
[main] INFO net.thucydides.core.steps.ConsoleLoggingListener - TEST PENDING
[main] INFO net.thucydides.core.steps.ConsoleLoggingListener - TEST PENDING
[main] INFO net.thucydides.core.steps.ConsoleLoggingListener - 
          __  _____ _____ ____ _____   ____  _____ _   _ ____ ___ _   _  ____ 
 _       / / |_   _| ____/ ___|_   _| |  _ \| ____| \ | |  _ \_ _| \ | |/ ___|
(_)____ / /    | | |  _| \___ \ | |   | |_) |  _| |  \| | | | | ||  \| | |  _ 
 |_____/ /     | | | |___ ___) || |   |  __/| |___| |\  | |_| | || |\  | |_| |
(_)   /_/      |_| |_____|____/ |_|   |_|   |_____|_| \_|____/___|_| \_|\____|
                                                                                

TEST PENDING: When duration is set as zero, validate it does not calculate annuity and an error is prompt
---------------------------------------------------------------------------------
]]></system-err>
  </testcase>
  <testcase name="When duration is set as zero, validate it does not calculate annuity and an error is prompt" classname="Calculate Annuity BDD Scenarios and Test Cases" time="0">
    <skipped/>
  </testcase>
  <testcase name="When duration is set as zero, validate it does not calculate annuity and an error is prompt" classname="Calculate Annuity BDD Scenarios and Test Cases" time="0">
    <skipped/>
  </testcase>
  <testcase name="The sum of all principal amounts in the schedule entries equals the total loan amount" classname="Generate Plan BDD Scenarios and Test Cases" time="0">
    <skipped/>
    <system-out><![CDATA[
Feature: Generate Plan BDD Scenarios and Test Cases

  Scenario Outline: The sum of all principal amounts in the schedule entries equals the total loan amount # src/test/resources/FeatureFile/generatePlan.feature:3
    Given details of "<loanAmount>","<nominalRate>",'<duration>' and "<startDate>" to create generate Plan request payload
    When user invoke rest service to generate Plan
    Then validate sum of all principal amounts equals the total "<loanAmount>" amount

    Examples: 

  Scenario Outline: The sum of all principal amounts in the schedule entries equals the total loan amount # src/test/resources/FeatureFile/generatePlan.feature:11
    Given details of "5000.0","5.0",'12' and "2018-01-01" to create generate Plan request payload         # null
    When user invoke rest service to generate Plan                                                        # null
    Then validate sum of all principal amounts equals the total "5000.0" amount                           # null
]]></system-out>
    <system-err><![CDATA[[main] INFO net.thucydides.core.steps.ConsoleLoggingListener - 
 _____ _____ ____ _____   ____ _____  _    ____ _____ _____ ____  
|_   _| ____/ ___|_   _| / ___|_   _|/ \  |  _ \_   _| ____|  _ \ 
  | | |  _| \___ \ | |   \___ \ | | / _ \ | |_) || | |  _| | | | |
  | | | |___ ___) || |    ___) || |/ ___ \|  _ < | | | |___| |_| |
  |_| |_____|____/ |_|   |____/ |_/_/   \_\_| \_\|_| |_____|____/ 
                                                                  

TEST STARTED: The sum of all principal amounts in the schedule entries equals the total loan amount
-------------------------------------------------------------------(generate-plan-bdd-scenarios-and-test-cases;the-sum-of-all-principal-amounts-in-the-schedule-entries-equals-the-total-loan-amount)
[main] INFO net.thucydides.core.steps.ConsoleLoggingListener - TEST PENDING
[main] INFO net.thucydides.core.steps.ConsoleLoggingListener - TEST PENDING
[main] INFO net.thucydides.core.steps.ConsoleLoggingListener - TEST PENDING
[main] INFO net.thucydides.core.steps.ConsoleLoggingListener - TEST PENDING
[main] INFO net.thucydides.core.steps.ConsoleLoggingListener - 
          __  _____ _____ ____ _____   ____  _____ _   _ ____ ___ _   _  ____ 
 _       / / |_   _| ____/ ___|_   _| |  _ \| ____| \ | |  _ \_ _| \ | |/ ___|
(_)____ / /    | | |  _| \___ \ | |   | |_) |  _| |  \| | | | | ||  \| | |  _ 
 |_____/ /     | | | |___ ___) || |   |  __/| |___| |\  | |_| | || |\  | |_| |
(_)   /_/      |_| |_____|____/ |_|   |_|   |_____|_| \_|____/___|_| \_|\____|
                                                                                

TEST PENDING: The sum of all principal amounts in the schedule entries equals the total loan amount
---------------------------------------------------------------------------------
]]></system-err>
  </testcase>
  <testcase name="The sum of all principal amounts in the schedule entries equals the total loan amount" classname="Generate Plan BDD Scenarios and Test Cases" time="0">
    <skipped/>
  </testcase>
  <testcase name="The sum of all principal amounts in the schedule entries equals the total loan amount" classname="Generate Plan BDD Scenarios and Test Cases" time="0">
    <skipped/>
  </testcase>
  <testcase name="The sum of all principal amounts in the schedule entries equals the total loan amount" classname="Generate Plan BDD Scenarios and Test Cases" time="0">
    <skipped/>
    <system-out><![CDATA[
  Scenario Outline: The sum of all principal amounts in the schedule entries equals the total loan amount # src/test/resources/FeatureFile/generatePlan.feature:12
    Given details of "1200.0","2.0",'10' and "2019-01-01" to create generate Plan request payload         # null
    When user invoke rest service to generate Plan                                                        # null
    Then validate sum of all principal amounts equals the total "1200.0" amount                           # null
]]></system-out>
    <system-err><![CDATA[[main] INFO net.thucydides.core.steps.ConsoleLoggingListener - TEST PENDING
[main] INFO net.thucydides.core.steps.ConsoleLoggingListener - TEST PENDING
[main] INFO net.thucydides.core.steps.ConsoleLoggingListener - TEST PENDING
[main] INFO net.thucydides.core.steps.ConsoleLoggingListener - TEST PENDING
[main] INFO net.thucydides.core.steps.ConsoleLoggingListener - 
          __  _____ _____ ____ _____   ____  _____ _   _ ____ ___ _   _  ____ 
 _       / / |_   _| ____/ ___|_   _| |  _ \| ____| \ | |  _ \_ _| \ | |/ ___|
(_)____ / /    | | |  _| \___ \ | |   | |_) |  _| |  \| | | | | ||  \| | |  _ 
 |_____/ /     | | | |___ ___) || |   |  __/| |___| |\  | |_| | || |\  | |_| |
(_)   /_/      |_| |_____|____/ |_|   |_|   |_____|_| \_|____/___|_| \_|\____|
                                                                                

TEST PENDING: The sum of all principal amounts in the schedule entries equals the total loan amount
---------------------------------------------------------------------------------
]]></system-err>
  </testcase>
  <testcase name="The sum of all principal amounts in the schedule entries equals the total loan amount" classname="Generate Plan BDD Scenarios and Test Cases" time="0">
    <skipped/>
  </testcase>
  <testcase name="The sum of all principal amounts in the schedule entries equals the total loan amount" classname="Generate Plan BDD Scenarios and Test Cases" time="0">
    <skipped/>
  </testcase>
  <testcase name="The remaining outstanding principal of the last schedule entry equals always 0.00 €" classname="Generate Plan BDD Scenarios and Test Cases" time="0">
    <skipped/>
    <system-out><![CDATA[
  Scenario Outline: The remaining outstanding principal of the last schedule entry equals always 0.00 € # src/test/resources/FeatureFile/generatePlan.feature:15
    Given details of "<loanAmount>","<nominalRate>",'<duration>' and "<startDate>" to create generate Plan request payload
    When user invoke rest service to generate Plan
    Then validate "<remainingOutstandingPrincipal>" of the last schedule entry equals always 0.00

    Examples: 

  Scenario Outline: The remaining outstanding principal of the last schedule entry equals always 0.00 € # src/test/resources/FeatureFile/generatePlan.feature:23
    Given details of "5000.0","5.0",'12' and "2018-01-01" to create generate Plan request payload       # null
    When user invoke rest service to generate Plan                                                      # null
    Then validate "0.00" of the last schedule entry equals always 0.00                                  # null
]]></system-out>
    <system-err><![CDATA[[main] INFO net.thucydides.core.steps.ConsoleLoggingListener - 
 _____ _____ ____ _____   ____ _____  _    ____ _____ _____ ____  
|_   _| ____/ ___|_   _| / ___|_   _|/ \  |  _ \_   _| ____|  _ \ 
  | | |  _| \___ \ | |   \___ \ | | / _ \ | |_) || | |  _| | | | |
  | | | |___ ___) || |    ___) || |/ ___ \|  _ < | | | |___| |_| |
  |_| |_____|____/ |_|   |____/ |_/_/   \_\_| \_\|_| |_____|____/ 
                                                                  

TEST STARTED: The remaining outstanding principal of the last schedule entry equals always 0.00 €
-------------------------------------------------------------------(generate-plan-bdd-scenarios-and-test-cases;the-remaining-outstanding-principal-of-the-last-schedule-entry-equals-always-0.00-€)
[main] INFO net.thucydides.core.steps.ConsoleLoggingListener - TEST PENDING
[main] INFO net.thucydides.core.steps.ConsoleLoggingListener - TEST PENDING
[main] INFO net.thucydides.core.steps.ConsoleLoggingListener - TEST PENDING
[main] INFO net.thucydides.core.steps.ConsoleLoggingListener - TEST PENDING
[main] INFO net.thucydides.core.steps.ConsoleLoggingListener - 
          __  _____ _____ ____ _____   ____  _____ _   _ ____ ___ _   _  ____ 
 _       / / |_   _| ____/ ___|_   _| |  _ \| ____| \ | |  _ \_ _| \ | |/ ___|
(_)____ / /    | | |  _| \___ \ | |   | |_) |  _| |  \| | | | | ||  \| | |  _ 
 |_____/ /     | | | |___ ___) || |   |  __/| |___| |\  | |_| | || |\  | |_| |
(_)   /_/      |_| |_____|____/ |_|   |_|   |_____|_| \_|____/___|_| \_|\____|
                                                                                

TEST PENDING: The remaining outstanding principal of the last schedule entry equals always 0.00 €
---------------------------------------------------------------------------------
]]></system-err>
  </testcase>
  <testcase name="The remaining outstanding principal of the last schedule entry equals always 0.00 €" classname="Generate Plan BDD Scenarios and Test Cases" time="0">
    <skipped/>
  </testcase>
  <testcase name="The remaining outstanding principal of the last schedule entry equals always 0.00 €" classname="Generate Plan BDD Scenarios and Test Cases" time="0">
    <skipped/>
  </testcase>
  <testcase name="The remaining outstanding principal of the last schedule entry equals always 0.00 €" classname="Generate Plan BDD Scenarios and Test Cases" time="0">
    <skipped/>
    <system-out><![CDATA[
  Scenario Outline: The remaining outstanding principal of the last schedule entry equals always 0.00 € # src/test/resources/FeatureFile/generatePlan.feature:24
    Given details of "5000.0","5.0",'3' and "2018-01-01" to create generate Plan request payload        # null
    When user invoke rest service to generate Plan                                                      # null
    Then validate "0.00" of the last schedule entry equals always 0.00                                  # null
]]></system-out>
    <system-err><![CDATA[[main] INFO net.thucydides.core.steps.ConsoleLoggingListener - TEST PENDING
[main] INFO net.thucydides.core.steps.ConsoleLoggingListener - TEST PENDING
[main] INFO net.thucydides.core.steps.ConsoleLoggingListener - TEST PENDING
[main] INFO net.thucydides.core.steps.ConsoleLoggingListener - TEST PENDING
[main] INFO net.thucydides.core.steps.ConsoleLoggingListener - 
          __  _____ _____ ____ _____   ____  _____ _   _ ____ ___ _   _  ____ 
 _       / / |_   _| ____/ ___|_   _| |  _ \| ____| \ | |  _ \_ _| \ | |/ ___|
(_)____ / /    | | |  _| \___ \ | |   | |_) |  _| |  \| | | | | ||  \| | |  _ 
 |_____/ /     | | | |___ ___) || |   |  __/| |___| |\  | |_| | || |\  | |_| |
(_)   /_/      |_| |_____|____/ |_|   |_|   |_____|_| \_|____/___|_| \_|\____|
                                                                                

TEST PENDING: The remaining outstanding principal of the last schedule entry equals always 0.00 €
---------------------------------------------------------------------------------
]]></system-err>
  </testcase>
  <testcase name="The remaining outstanding principal of the last schedule entry equals always 0.00 €" classname="Generate Plan BDD Scenarios and Test Cases" time="0">
    <skipped/>
  </testcase>
  <testcase name="The remaining outstanding principal of the last schedule entry equals always 0.00 €" classname="Generate Plan BDD Scenarios and Test Cases" time="0">
    <skipped/>
  </testcase>
  <testcase name="The start date determines the first due date of the calculated schedule. We assume" classname="Generate Plan BDD Scenarios and Test Cases" time="0">
    <skipped/>
    <system-out><![CDATA[
  Scenario Outline: The start date determines the first due date of the calculated schedule. We assume # src/test/resources/FeatureFile/generatePlan.feature:27
  that each schedule entry is always due on the same day
    Given details of "<loanAmount>","<nominalRate>",'<duration>' and "<startDate>" to create generate Plan request payload
    When user invoke rest service to generate Plan
    Then validate each schedule entry is always due on the same day as the "<startDate>"

    Examples: 

  Scenario Outline: The start date determines the first due date of the calculated schedule. We assume # src/test/resources/FeatureFile/generatePlan.feature:36
  that each schedule entry is always due on the same day
    Given details of "5000.0","5.0",'4' and "2018-01-01" to create generate Plan request payload       # null
    When user invoke rest service to generate Plan                                                     # null
    Then validate each schedule entry is always due on the same day as the "2018-01-01"                # null
]]></system-out>
    <system-err><![CDATA[[main] INFO net.thucydides.core.steps.ConsoleLoggingListener - 
 _____ _____ ____ _____   ____ _____  _    ____ _____ _____ ____  
|_   _| ____/ ___|_   _| / ___|_   _|/ \  |  _ \_   _| ____|  _ \ 
  | | |  _| \___ \ | |   \___ \ | | / _ \ | |_) || | |  _| | | | |
  | | | |___ ___) || |    ___) || |/ ___ \|  _ < | | | |___| |_| |
  |_| |_____|____/ |_|   |____/ |_/_/   \_\_| \_\|_| |_____|____/ 
                                                                  

TEST STARTED: The start date determines the first due date of the calculated schedule. We assume
-------------------------------------------------------------------(generate-plan-bdd-scenarios-and-test-cases;the-start-date-determines-the-first-due-date-of-the-calculated-schedule.-we-assume)
[main] INFO net.thucydides.core.steps.ConsoleLoggingListener - TEST PENDING
[main] INFO net.thucydides.core.steps.ConsoleLoggingListener - TEST PENDING
[main] INFO net.thucydides.core.steps.ConsoleLoggingListener - TEST PENDING
[main] INFO net.thucydides.core.steps.ConsoleLoggingListener - TEST PENDING
[main] INFO net.thucydides.core.steps.ConsoleLoggingListener - 
          __  _____ _____ ____ _____   ____  _____ _   _ ____ ___ _   _  ____ 
 _       / / |_   _| ____/ ___|_   _| |  _ \| ____| \ | |  _ \_ _| \ | |/ ___|
(_)____ / /    | | |  _| \___ \ | |   | |_) |  _| |  \| | | | | ||  \| | |  _ 
 |_____/ /     | | | |___ ___) || |   |  __/| |___| |\  | |_| | || |\  | |_| |
(_)   /_/      |_| |_____|____/ |_|   |_|   |_____|_| \_|____/___|_| \_|\____|
                                                                                

TEST PENDING: The start date determines the first due date of the calculated schedule. We assume
---------------------------------------------------------------------------------
]]></system-err>
  </testcase>
  <testcase name="The start date determines the first due date of the calculated schedule. We assume" classname="Generate Plan BDD Scenarios and Test Cases" time="0">
    <skipped/>
  </testcase>
  <testcase name="The start date determines the first due date of the calculated schedule. We assume" classname="Generate Plan BDD Scenarios and Test Cases" time="0">
    <skipped/>
  </testcase>
  <testcase name="The start date determines the first due date of the calculated schedule. We assume" classname="Generate Plan BDD Scenarios and Test Cases" time="0">
    <skipped/>
    <system-out><![CDATA[
  Scenario Outline: The start date determines the first due date of the calculated schedule. We assume # src/test/resources/FeatureFile/generatePlan.feature:37
  that each schedule entry is always due on the same day
    Given details of "8000.0","4.0",'6' and "2018-02-04" to create generate Plan request payload       # null
    When user invoke rest service to generate Plan                                                     # null
    Then validate each schedule entry is always due on the same day as the "2018-02-04"                # null
]]></system-out>
    <system-err><![CDATA[[main] INFO net.thucydides.core.steps.ConsoleLoggingListener - TEST PENDING
[main] INFO net.thucydides.core.steps.ConsoleLoggingListener - TEST PENDING
[main] INFO net.thucydides.core.steps.ConsoleLoggingListener - TEST PENDING
[main] INFO net.thucydides.core.steps.ConsoleLoggingListener - TEST PENDING
[main] INFO net.thucydides.core.steps.ConsoleLoggingListener - 
          __  _____ _____ ____ _____   ____  _____ _   _ ____ ___ _   _  ____ 
 _       / / |_   _| ____/ ___|_   _| |  _ \| ____| \ | |  _ \_ _| \ | |/ ___|
(_)____ / /    | | |  _| \___ \ | |   | |_) |  _| |  \| | | | | ||  \| | |  _ 
 |_____/ /     | | | |___ ___) || |   |  __/| |___| |\  | |_| | || |\  | |_| |
(_)   /_/      |_| |_____|____/ |_|   |_|   |_____|_| \_|____/___|_| \_|\____|
                                                                                

TEST PENDING: The start date determines the first due date of the calculated schedule. We assume
---------------------------------------------------------------------------------
]]></system-err>
  </testcase>
  <testcase name="The start date determines the first due date of the calculated schedule. We assume" classname="Generate Plan BDD Scenarios and Test Cases" time="0">
    <skipped/>
  </testcase>
  <testcase name="The start date determines the first due date of the calculated schedule. We assume" classname="Generate Plan BDD Scenarios and Test Cases" time="0">
    <skipped/>
  </testcase>
  <testcase name="The remaining outstanding principal of one entry equals the initial outstanding" classname="Generate Plan BDD Scenarios and Test Cases" time="0">
    <skipped/>
    <system-out><![CDATA[
  Scenario Outline: The remaining outstanding principal of one entry equals the initial outstanding # src/test/resources/FeatureFile/generatePlan.feature:40
  principal of the following month
    Given details of "<loanAmount>","<nominalRate>",'<duration>' and "<startDate>" to create generate Plan request payload
    When user invoke rest service to generate Plan
    Then validate remaining outstanding principal of one entry equals the initial outstanding principal of the following month

    Examples: 

  Scenario Outline: The remaining outstanding principal of one entry equals the initial outstanding                            # src/test/resources/FeatureFile/generatePlan.feature:49
  principal of the following month
    Given details of "5000.00","5.0",'4' and "2018-01-01" to create generate Plan request payload                              # null
    When user invoke rest service to generate Plan                                                                             # null
    Then validate remaining outstanding principal of one entry equals the initial outstanding principal of the following month # null
]]></system-out>
    <system-err><![CDATA[[main] INFO net.thucydides.core.steps.ConsoleLoggingListener - 
 _____ _____ ____ _____   ____ _____  _    ____ _____ _____ ____  
|_   _| ____/ ___|_   _| / ___|_   _|/ \  |  _ \_   _| ____|  _ \ 
  | | |  _| \___ \ | |   \___ \ | | / _ \ | |_) || | |  _| | | | |
  | | | |___ ___) || |    ___) || |/ ___ \|  _ < | | | |___| |_| |
  |_| |_____|____/ |_|   |____/ |_/_/   \_\_| \_\|_| |_____|____/ 
                                                                  

TEST STARTED: The remaining outstanding principal of one entry equals the initial outstanding
-------------------------------------------------------------------(generate-plan-bdd-scenarios-and-test-cases;the-remaining-outstanding-principal-of-one-entry-equals-the-initial-outstanding)
[main] INFO net.thucydides.core.steps.ConsoleLoggingListener - TEST PENDING
[main] INFO net.thucydides.core.steps.ConsoleLoggingListener - TEST PENDING
[main] INFO net.thucydides.core.steps.ConsoleLoggingListener - TEST PENDING
[main] INFO net.thucydides.core.steps.ConsoleLoggingListener - TEST PENDING
[main] INFO net.thucydides.core.steps.ConsoleLoggingListener - 
          __  _____ _____ ____ _____   ____  _____ _   _ ____ ___ _   _  ____ 
 _       / / |_   _| ____/ ___|_   _| |  _ \| ____| \ | |  _ \_ _| \ | |/ ___|
(_)____ / /    | | |  _| \___ \ | |   | |_) |  _| |  \| | | | | ||  \| | |  _ 
 |_____/ /     | | | |___ ___) || |   |  __/| |___| |\  | |_| | || |\  | |_| |
(_)   /_/      |_| |_____|____/ |_|   |_|   |_____|_| \_|____/___|_| \_|\____|
                                                                                

TEST PENDING: The remaining outstanding principal of one entry equals the initial outstanding
---------------------------------------------------------------------------------
]]></system-err>
  </testcase>
  <testcase name="The remaining outstanding principal of one entry equals the initial outstanding" classname="Generate Plan BDD Scenarios and Test Cases" time="0">
    <skipped/>
  </testcase>
  <testcase name="The remaining outstanding principal of one entry equals the initial outstanding" classname="Generate Plan BDD Scenarios and Test Cases" time="0">
    <skipped/>
  </testcase>
  <testcase name="The total payment amount per month in a borrower schedule should equal the value" classname="Generate Plan BDD Scenarios and Test Cases" time="0">
    <skipped/>
    <system-out><![CDATA[
  Scenario Outline: The total payment amount per month in a borrower schedule should equal the value # src/test/resources/FeatureFile/generatePlan.feature:52
  from the annuity call
    Given details of "<loanAmount>","<nominalRate>",'<duration>' and "<startDate>" to create generate Plan request payload
    When user invoke rest service to generate Plan
    Then validate borrowerPaymentAmount of each month should be equal except the last month which can differ

    Examples: 

  Scenario Outline: The total payment amount per month in a borrower schedule should equal the value         # src/test/resources/FeatureFile/generatePlan.feature:61
  from the annuity call
    Given details of "5000.00","5.0",'4' and "2018-01-01" to create generate Plan request payload            # null
    When user invoke rest service to generate Plan                                                           # null
    Then validate borrowerPaymentAmount of each month should be equal except the last month which can differ # null
]]></system-out>
    <system-err><![CDATA[[main] INFO net.thucydides.core.steps.ConsoleLoggingListener - 
 _____ _____ ____ _____   ____ _____  _    ____ _____ _____ ____  
|_   _| ____/ ___|_   _| / ___|_   _|/ \  |  _ \_   _| ____|  _ \ 
  | | |  _| \___ \ | |   \___ \ | | / _ \ | |_) || | |  _| | | | |
  | | | |___ ___) || |    ___) || |/ ___ \|  _ < | | | |___| |_| |
  |_| |_____|____/ |_|   |____/ |_/_/   \_\_| \_\|_| |_____|____/ 
                                                                  

TEST STARTED: The total payment amount per month in a borrower schedule should equal the value
-------------------------------------------------------------------(generate-plan-bdd-scenarios-and-test-cases;the-total-payment-amount-per-month-in-a-borrower-schedule-should-equal-the-value)
[main] INFO net.thucydides.core.steps.ConsoleLoggingListener - TEST PENDING
[main] INFO net.thucydides.core.steps.ConsoleLoggingListener - TEST PENDING
[main] INFO net.thucydides.core.steps.ConsoleLoggingListener - TEST PENDING
[main] INFO net.thucydides.core.steps.ConsoleLoggingListener - TEST PENDING
[main] INFO net.thucydides.core.steps.ConsoleLoggingListener - 
          __  _____ _____ ____ _____   ____  _____ _   _ ____ ___ _   _  ____ 
 _       / / |_   _| ____/ ___|_   _| |  _ \| ____| \ | |  _ \_ _| \ | |/ ___|
(_)____ / /    | | |  _| \___ \ | |   | |_) |  _| |  \| | | | | ||  \| | |  _ 
 |_____/ /     | | | |___ ___) || |   |  __/| |___| |\  | |_| | || |\  | |_| |
(_)   /_/      |_| |_____|____/ |_|   |_|   |_____|_| \_|____/___|_| \_|\____|
                                                                                

TEST PENDING: The total payment amount per month in a borrower schedule should equal the value
---------------------------------------------------------------------------------
]]></system-err>
  </testcase>
  <testcase name="The total payment amount per month in a borrower schedule should equal the value" classname="Generate Plan BDD Scenarios and Test Cases" time="0">
    <skipped/>
  </testcase>
  <testcase name="The total payment amount per month in a borrower schedule should equal the value" classname="Generate Plan BDD Scenarios and Test Cases" time="0">
    <skipped/>
  </testcase>
</testsuite>