<?xml version="1.0" encoding="UTF-8"?>
<testsuite xmlns:xsi="http://www.w3.org/2001/XMLSchema-instance" xsi:schemaLocation="https://maven.apache.org/surefire/maven-surefire-plugin/xsd/surefire-test-report.xsd" name="com.lendico.assignment.runner.Runner" time="11.652" tests="11" errors="0" skipped="0" failures="2">
  <properties>
[...]
</properties>
  <testcase name="Calculate Annuity from /calc-annuity rest service" classname="Calculate Annuity BDD Scenarios and Test Cases" time="1.447"/>
  <testcase name="Calculate Annuity from /calc-annuity rest service" classname="Calculate Annuity BDD Scenarios and Test Cases" time="7.941"/>
  <testcase name="When duration is set as zero, validate it does not calculate annuity and an error is prompt" classname="Calculate Annuity BDD Scenarios and Test Cases" time="0.116">
    <failure message="expected:&lt;[Invalid Duration Entered/Duration can not be zero]&gt; but was:&lt;[92233720368547758.07]&gt;" type="org.junit.ComparisonFailure"><![CDATA[org.junit.ComparisonFailure: expected:<[Invalid Duration Entered/Duration can not be zero]> but was:<[92233720368547758.07]>
]]></failure>
    <system-out><![CDATA[
  Scenario Outline: When duration is set as zero, validate it does not calculate annuity and an error is prompt # src/test/resources/FeatureFile/calculateAnnuity.feature:14
    Given details of "<loanAmount>" , "<nominalRate>" and '<duration>' to create calculate annuity request payload
    When user invoke rest service to calculate annuity
    Then validate correct annuity "<expectedErrorMessage>" is calculated successfully

    Examples: 

  Scenario Outline: When duration is set as zero, validate it does not calculate annuity and an error is prompt  # src/test/resources/FeatureFile/calculateAnnuity.feature:22
    Given details of "5000" , "5.0" and '0' to create calculate annuity request payload                          # CalculateAnnuityTestCase.createJsonRequestPayloadOfCalcAnnuity(String,String,int)
    When user invoke rest service to calculate annuity                                                           # CalculateAnnuityTestCase.invokeRestServiceToCalcAnnuity()
    Then validate correct annuity "Invalid Duration Entered/Duration can not be zero" is calculated successfully # CalculateAnnuityTestCase.validateExpectedAnnuity(String)
      org.junit.ComparisonFailure: expected:<[Invalid Duration Entered/Duration can not be zero]> but was:<[92233720368547758.07]>
	at org.junit.Assert.assertEquals(Assert.java:115)
	at org.junit.Assert.assertEquals(Assert.java:144)
	at com.lendico.assignment.stepdefinition.CalculateAnnuityTestCase.validateExpectedAnnuity(CalculateAnnuityTestCase.java:45)
	at ?.validate correct annuity "Invalid Duration Entered/Duration can not be zero" is calculated successfully(src/test/resources/FeatureFile/calculateAnnuity.feature:18)

]]></system-out>
    <system-err><![CDATA[[main] INFO net.thucydides.core.steps.ConsoleLoggingListener - 
 _____ _____ ____ _____   ____ _____  _    ____ _____ _____ ____  
|_   _| ____/ ___|_   _| / ___|_   _|/ \  |  _ \_   _| ____|  _ \ 
  | | |  _| \___ \ | |   \___ \ | | / _ \ | |_) || | |  _| | | | |
  | | | |___ ___) || |    ___) || |/ ___ \|  _ < | | | |___| |_| |
  |_| |_____|____/ |_|   |____/ |_/_/   \_\_| \_\|_| |_____|____/ 
                                                                  

TEST STARTED: When duration is set as zero, validate it does not calculate annuity and an error is prompt
-------------------------------------------------------------------(calculate-annuity-bdd-scenarios-and-test-cases;when-duration-is-set-as-zero--validate-it-does-not-calculate-annuity-and-an-error-is-prompt)
[main] INFO com.lendico.assignment.stepdefinition.CalculateAnnuityTestCase - Request Payload is : {"duration":0,"nominalRate":"5.0","loanAmount":"5000"}
[main] INFO com.lendico.assignment.stepdefinition.CalculateAnnuityTestCase - Response Payload is : {annuity=92233720368547758.07}
[main] ERROR net.thucydides.core.steps.ConsoleLoggingListener - 
           __  _____ _____ ____ _____   _____ _    ___ _     _____ ____  
  _       / / |_   _| ____/ ___|_   _| |  ___/ \  |_ _| |   | ____|  _ \ 
 (_)_____| |    | | |  _| \___ \ | |   | |_ / _ \  | || |   |  _| | | | |
  _|_____| |    | | | |___ ___) || |   |  _/ ___ \ | || |___| |___| |_| |
 (_)     | |    |_| |_____|____/ |_|   |_|/_/   \_\___|_____|_____|____/ 
          \_\                                                            

TEST FAILED: When duration is set as zero, validate it does not calculate annuity and an error is prompt
--------------------------------------------------------------------------
[main] ERROR net.thucydides.core.steps.ConsoleLoggingListener - TEST FAILED AT STEP Then validate correct annuity "Invalid Duration Entered/Duration can not be zero" is calculated successfully
[main] ERROR net.thucydides.core.steps.ConsoleLoggingListener - expected:<[Invalid Duration Entered/Duration can not be zero]> but was:<[92233720368547758.07]>
]]></system-err>
  </testcase>
  <testcase name="The sum of all principal amounts in the schedule entries equals the total loan amount" classname="Generate Plan BDD Scenarios and Test Cases" time="0.072"/>
  <testcase name="The sum of all principal amounts in the schedule entries equals the total loan amount" classname="Generate Plan BDD Scenarios and Test Cases" time="0.051"/>
  <testcase name="The remaining outstanding principal of the last schedule entry equals always 0.00 €" classname="Generate Plan BDD Scenarios and Test Cases" time="0.122"/>
  <testcase name="The remaining outstanding principal of the last schedule entry equals always 0.00 €" classname="Generate Plan BDD Scenarios and Test Cases" time="0.079">
    <failure message="expected:&lt;0.0&gt; but was:&lt;0.01&gt;" type="java.lang.AssertionError"><![CDATA[java.lang.AssertionError: expected:<0.0> but was:<0.01>
]]></failure>
    <system-out><![CDATA[
  Scenario Outline: The remaining outstanding principal of the last schedule entry equals always 0.00 € # src/test/resources/FeatureFile/generatePlan.feature:24
    Given details of "5000.0","5.0",'3' and "2018-01-01" to create generate Plan request payload        # GeneratePlanTestCases.createJsonRequestPayloadOfGeneratePlan(String,String,int,String)
    When user invoke rest service to generate Plan                                                      # GeneratePlanTestCases.invokeRestServiceToCalcAnnuity()
    Then validate "0.00" of the last schedule entry equals always 0.00                                  # GeneratePlanTestCases.validateRemainingOutstandingPrincipal(String)
      java.lang.AssertionError: expected:<0.0> but was:<0.01>
	at org.junit.Assert.fail(Assert.java:88)
	at org.junit.Assert.failNotEquals(Assert.java:834)
	at org.junit.Assert.assertEquals(Assert.java:118)
	at org.junit.Assert.assertEquals(Assert.java:144)
	at com.lendico.assignment.stepdefinition.GeneratePlanTestCases.validateRemainingOutstandingPrincipal(GeneratePlanTestCases.java:63)
	at ?.validate "0.00" of the last schedule entry equals always 0.00(src/test/resources/FeatureFile/generatePlan.feature:19)

]]></system-out>
    <system-err><![CDATA[[main] INFO com.lendico.assignment.stepdefinition.CalculateAnnuityTestCase - Request Payload is : {"duration":3,"nominalRate":"5.0","loanAmount":"5000.0","startDate":"2018-01-01"}
[main] INFO com.lendico.assignment.stepdefinition.CalculateAnnuityTestCase - Remaining Outstanding Principal: 0.01
[main] ERROR net.thucydides.core.steps.ConsoleLoggingListener - 
           __  _____ _____ ____ _____   _____ _    ___ _     _____ ____  
  _       / / |_   _| ____/ ___|_   _| |  ___/ \  |_ _| |   | ____|  _ \ 
 (_)_____| |    | | |  _| \___ \ | |   | |_ / _ \  | || |   |  _| | | | |
  _|_____| |    | | | |___ ___) || |   |  _/ ___ \ | || |___| |___| |_| |
 (_)     | |    |_| |_____|____/ |_|   |_|/_/   \_\___|_____|_____|____/ 
          \_\                                                            

TEST FAILED: The remaining outstanding principal of the last schedule entry equals always 0.00 €
--------------------------------------------------------------------------
[main] ERROR net.thucydides.core.steps.ConsoleLoggingListener - TEST FAILED AT STEP Then validate "0.00" of the last schedule entry equals always 0.00
[main] ERROR net.thucydides.core.steps.ConsoleLoggingListener - expected:<0.0> but was:<0.01>
]]></system-err>
  </testcase>
  <testcase name="The start date determines the first due date of the calculated schedule. We assume" classname="Generate Plan BDD Scenarios and Test Cases" time="0.198"/>
  <testcase name="The start date determines the first due date of the calculated schedule. We assume" classname="Generate Plan BDD Scenarios and Test Cases" time="0.06"/>
  <testcase name="The remaining outstanding principal of one entry equals the initial outstanding" classname="Generate Plan BDD Scenarios and Test Cases" time="0.063"/>
  <testcase name="The total payment amount per month in a borrower schedule should equal the value" classname="Generate Plan BDD Scenarios and Test Cases" time="0.051"/>
</testsuite>