<?xml version="1.0" encoding="UTF-8"?><testsuite errors="0" failures="1" name="Generate Plan BDD Scenarios and Test Cases" skipped="0" tests="8" time="0.31" timestamp="2019-02-26 02:10:49"><testcase name="The sum of all principal amounts in the schedule entries equals the total loan amount"/><testcase name="The remaining outstanding principal of the last schedule entry equals always 0.00 €"><failure message="expected:&lt;0.0&gt; but was:&lt;0.01&gt;" type="java.lang.AssertionError">expected:&lt;0.0&gt; but was:&lt;0.01&gt;</failure><system-err>expected:&lt;0.0&gt; but was:&lt;0.01&gt;&#13;
com.lendico.assignment.stepdefinition.GeneratePlanTestCases.validateRemainingOutstandingPrincipal(GeneratePlanTestCases.java:63)&#13;
✽.validate "0.00" of the last schedule entry equals always 0.00(src/test/resources/FeatureFile/generatePlan.feature:19)&#13;
</system-err></testcase><testcase name="The start date determines the first due date of the calculated schedule. We assume"/><testcase name="The remaining outstanding principal of one entry equals the initial outstanding"/><testcase name="The total payment amount per month in a borrower schedule should equal the value"/></testsuite>