<?xml version="1.0" encoding="UTF-8"?><testsuite errors="0" failures="0" name="Generate Plan BDD Scenarios and Test Cases" skipped="8" tests="8" time="0.06" timestamp="2019-03-14 12:15:54"><testcase name="The sum of all principal amounts in the schedule entries equals the total loan amount"><skipped/></testcase><testcase name="The remaining outstanding principal of the last schedule entry equals always 0.00 €"><skipped/></testcase><testcase name="The start date determines the first due date of the calculated schedule. We assume"><skipped/></testcase><testcase name="The remaining outstanding principal of one entry equals the initial outstanding"><skipped/></testcase><testcase name="The total payment amount per month in a borrower schedule should equal the value"><skipped/></testcase></testsuite>