<?xml version="1.0" encoding="UTF-8"?><testsuite errors="0" failures="1" name="Calculate Annuity BDD Scenarios and Test Cases" skipped="0" tests="3" time="1.73" timestamp="2019-02-26 02:10:39"><testcase name="Calculate Annuity from /calc-annuity rest service"/><testcase name="When duration is set as zero, validate it does not calculate annuity and an error is prompt"><failure message="expected:&lt;[Invalid Duration Entered/Duration can not be zero]&gt; but was:&lt;[92233720368547758.07]&gt;" type="java.lang.AssertionError">expected:&lt;[Invalid Duration Entered/Duration can not be zero]&gt; but was:&lt;[92233720368547758.07]&gt;</failure><system-err>expected:&lt;[Invalid Duration Entered/Duration can not be zero]&gt; but was:&lt;[92233720368547758.07]&gt;&#13;
com.lendico.assignment.stepdefinition.CalculateAnnuityTestCase.validateExpectedAnnuity(CalculateAnnuityTestCase.java:45)&#13;
✽.validate correct annuity "Invalid Duration Entered/Duration can not be zero" is calculated successfully(src/test/resources/FeatureFile/calculateAnnuity.feature:18)&#13;
</system-err></testcase></testsuite>